Flow report for Project
Fri Apr  1 23:22:52 2016
Quartus Prime Version 15.1.0 Build 185 10/21/2015 SJ Lite Edition


---------------------
; Table of Contents ;
---------------------
  1. Legal Notice
  2. Flow Summary
  3. Flow Settings
  4. Flow Non-Default Global Settings
  5. Flow Elapsed Time
  6. Flow OS Summary
  7. Flow Log
  8. Flow Messages
  9. Flow Suppressed Messages



----------------
; Legal Notice ;
----------------
Copyright (C) 1991-2015 Altera Corporation. All rights reserved.
Your use of Altera Corporation's design tools, logic functions 
and other software and tools, and its AMPP partner logic 
functions, and any output files from any of the foregoing 
(including device programming or simulation files), and any 
associated documentation or information are expressly subject 
to the terms and conditions of the Altera Program License 
Subscription Agreement, the Altera Quartus Prime License Agreement,
the Altera MegaCore Function License Agreement, or other 
applicable license agreement, including, without limitation, 
that your use is for the sole purpose of programming logic 
devices manufactured by Altera and sold by Altera or its 
authorized distributors.  Please refer to the applicable 
agreement for further details.



+-------------------------------------------------------------------------------+
; Flow Summary                                                                  ;
+---------------------------------+---------------------------------------------+
; Flow Status                     ; Analyzed - Fri Apr  1 23:22:52 2016         ;
; Quartus Prime Version           ; 15.1.0 Build 185 10/21/2015 SJ Lite Edition ;
; Revision Name                   ; Project                                     ;
; Top-level Entity Name           ; Project                                     ;
; Family                          ; Cyclone V                                   ;
; Device                          ; 5CEBA4F23C7                                 ;
; Timing Models                   ; Final                                       ;
; Logic utilization (in ALMs)     ; 1,285 / 18,480 ( 7 % )                      ;
; Total registers                 ; 1705                                        ;
; Total pins                      ; 68 / 224 ( 30 % )                           ;
; Total virtual pins              ; 0                                           ;
; Total block memory bits         ; 524,288 / 3,153,920 ( 17 % )                ;
; Total DSP Blocks                ; 0 / 66 ( 0 % )                              ;
; Total HSSI RX PCSs              ; 0                                           ;
; Total HSSI PMA RX Deserializers ; 0                                           ;
; Total HSSI TX PCSs              ; 0                                           ;
; Total HSSI PMA TX Serializers   ; 0                                           ;
; Total PLLs                      ; 1 / 4 ( 25 % )                              ;
; Total DLLs                      ; 0 / 4 ( 0 % )                               ;
+---------------------------------+---------------------------------------------+


+-----------------------------------------+
; Flow Settings                           ;
+-------------------+---------------------+
; Option            ; Setting             ;
+-------------------+---------------------+
; Start date & time ; 04/01/2016 23:15:07 ;
; Main task         ; Compilation         ;
; Revision Name     ; Project             ;
+-------------------+---------------------+


+---------------------------------------------------------------------------------------------------------------------------------+
; Flow Non-Default Global Settings                                                                                                ;
+------------------------------------------------------+-------------------------------+---------------+-------------+------------+
; Assignment Name                                      ; Value                         ; Default Value ; Entity Name ; Section Id ;
+------------------------------------------------------+-------------------------------+---------------+-------------+------------+
; ALM_REGISTER_PACKING_EFFORT                          ; Low                           ; Medium        ; --          ; --         ;
; AUTO_DELAY_CHAINS_FOR_HIGH_FANOUT_INPUT_PINS         ; On                            ; Off           ; --          ; --         ;
; COMPILER_SIGNATURE_ID                                ; 8796751505698.145956690708820 ; --            ; --          ; --         ;
; ENABLE_DRC_SETTINGS                                  ; On                            ; Off           ; --          ; --         ;
; FITTER_EFFORT                                        ; Standard Fit                  ; Auto Fit      ; --          ; --         ;
; MAX_CORE_JUNCTION_TEMP                               ; 85                            ; --            ; --          ; --         ;
; MIN_CORE_JUNCTION_TEMP                               ; 0                             ; --            ; --          ; --         ;
; MISC_FILE                                            ; Pll.cmp                       ; --            ; --          ; --         ;
; MISC_FILE                                            ; Pll_sim/Pll.vo                ; --            ; --          ; --         ;
; MUX_RESTRUCTURE                                      ; Off                           ; Auto          ; --          ; --         ;
; OPTIMIZATION_MODE                                    ; Aggressive Performance        ; Balanced      ; --          ; --         ;
; OPTIMIZATION_TECHNIQUE                               ; Speed                         ; Balanced      ; --          ; --         ;
; PARTITION_COLOR                                      ; 16764057                      ; --            ; --          ; Top        ;
; PARTITION_FITTER_PRESERVATION_LEVEL                  ; PLACEMENT_AND_ROUTING         ; --            ; --          ; Top        ;
; PARTITION_NETLIST_TYPE                               ; SOURCE                        ; --            ; --          ; Top        ;
; PERIPHERY_TO_CORE_PLACEMENT_AND_ROUTING_OPTIMIZATION ; Auto                          ; Off           ; --          ; --         ;
; PHYSICAL_SYNTHESIS_COMBO_LOGIC                       ; On                            ; Off           ; --          ; --         ;
; PHYSICAL_SYNTHESIS_COMBO_LOGIC_FOR_AREA              ; On                            ; Off           ; --          ; --         ;
; PHYSICAL_SYNTHESIS_EFFORT                            ; Extra                         ; Normal        ; --          ; --         ;
; PHYSICAL_SYNTHESIS_REGISTER_DUPLICATION              ; On                            ; Off           ; --          ; --         ;
; PHYSICAL_SYNTHESIS_REGISTER_RETIMING                 ; On                            ; Off           ; --          ; --         ;
; PLACEMENT_EFFORT_MULTIPLIER                          ; 4.0                           ; 1.0           ; --          ; --         ;
; POWER_BOARD_THERMAL_MODEL                            ; None (CONSERVATIVE)           ; --            ; --          ; --         ;
; POWER_PRESET_COOLING_SOLUTION                        ; No Heat Sink With Still Air   ; --            ; --          ; --         ;
; PRE_MAPPING_RESYNTHESIS                              ; On                            ; Off           ; --          ; --         ;
; REMOVE_REDUNDANT_LOGIC_CELLS                         ; On                            ; Off           ; --          ; --         ;
; ROUTER_CLOCKING_TOPOLOGY_ANALYSIS                    ; On                            ; Off           ; --          ; --         ;
; ROUTER_TIMING_OPTIMIZATION_LEVEL                     ; MAXIMUM                       ; Normal        ; --          ; --         ;
; SMART_RECOMPILE                                      ; On                            ; Off           ; --          ; --         ;
; SPD_FILE                                             ; Pll.spd                       ; --            ; --          ; --         ;
; SPECTRAQ_PHYSICAL_SYNTHESIS                          ; On                            ; Off           ; --          ; --         ;
; SYNTHESIS_ONLY_QIP                                   ; On                            ; --            ; --          ; --         ;
+------------------------------------------------------+-------------------------------+---------------+-------------+------------+


+-------------------------------------------------------------------------------------------------------------------------------+
; Flow Elapsed Time                                                                                                             ;
+---------------------------+--------------+-------------------------+---------------------+------------------------------------+
; Module Name               ; Elapsed Time ; Average Processors Used ; Peak Virtual Memory ; Total CPU Time (on all processors) ;
+---------------------------+--------------+-------------------------+---------------------+------------------------------------+
; Analysis & Synthesis      ; 00:00:39     ; 1.0                     ; 1424 MB             ; 00:01:02                           ;
; Fitter                    ; 00:05:30     ; 1.0                     ; 2138 MB             ; 00:08:35                           ;
; Assembler                 ; 00:00:08     ; 1.0                     ; 1231 MB             ; 00:00:07                           ;
; TimeQuest Timing Analyzer ; 00:00:40     ; 1.0                     ; 1470 MB             ; 00:00:40                           ;
; Design Assistant          ; 00:00:02     ; 1.0                     ; 1357 MB             ; 00:00:03                           ;
; Total                     ; 00:06:59     ; --                      ; --                  ; 00:10:27                           ;
+---------------------------+--------------+-------------------------+---------------------+------------------------------------+


+----------------------------------------------------------------------------------------------+
; Flow OS Summary                                                                              ;
+---------------------------+---------------------+--------------+------------+----------------+
; Module Name               ; Machine Hostname    ; OS Name      ; OS Version ; Processor type ;
+---------------------------+---------------------+--------------+------------+----------------+
; Analysis & Synthesis      ; ubuntu1410adminuser ; Ubuntu 14.10 ; 14         ; x86_64         ;
; Fitter                    ; ubuntu1410adminuser ; Ubuntu 14.10 ; 14         ; x86_64         ;
; Assembler                 ; ubuntu1410adminuser ; Ubuntu 14.10 ; 14         ; x86_64         ;
; TimeQuest Timing Analyzer ; ubuntu1410adminuser ; Ubuntu 14.10 ; 14         ; x86_64         ;
; Design Assistant          ; ubuntu1410adminuser ; Ubuntu 14.10 ; 14         ; x86_64         ;
+---------------------------+---------------------+--------------+------------+----------------+


------------
; Flow Log ;
------------
quartus_map --read_settings_files=on --write_settings_files=off Project -c Project
quartus_fit --read_settings_files=off --write_settings_files=off Project -c Project
quartus_asm --read_settings_files=off --write_settings_files=off Project -c Project
quartus_sta Project -c Project
quartus_drc --read_settings_files=off --write_settings_files=off Project -c Project



